<?xml version="1.0" encoding="UTF-8"?>
<!-- Generated by org.testng.reporters.JUnitReportReporter -->
<testsuite hostname="DESKTOP-NKSQIDG" failures="0" tests="1" name="day3.DemoCookie" time="6.168" errors="0" timestamp="2023-12-03T16:45:57 IST" skipped="0">
  <testcase classname="day3.DemoCookie" name="getCookieInfo" time="6.168"/>
</testsuite> <!-- day3.DemoCookie -->
