<?xml version="1.0" encoding="UTF-8"?>
<!-- Generated by org.testng.reporters.JUnitReportReporter -->
<testsuite hostname="DESKTOP-NKSQIDG" failures="0" tests="1" name="day3.TestPatAndQueryParam" time="5.770" errors="0" timestamp="2023-12-03T14:08:13 IST" skipped="0">
  <testcase classname="day3.TestPatAndQueryParam" name="testPathAndQueryParam" time="5.770"/>
</testsuite> <!-- day3.TestPatAndQueryParam -->
