<?xml version="1.0" encoding="UTF-8"?>
<!-- Generated by org.testng.reporters.JUnitReportReporter -->
<testsuite hostname="DESKTOP-NKSQIDG" failures="0" tests="4" name="day1.HttpRequest" time="9.161" errors="0" timestamp="2023-12-03T13:46:41 IST" skipped="1">
  <testcase classname="day1.HttpRequest" name="createUser" time="7.631"/>
  <testcase classname="day1.HttpRequest" name="updateUser" time="0.928"/>
  <testcase classname="day1.HttpRequest" name="deleteUser" time="0.602"/>
  <testcase classname="day1.HttpRequest" name="getusers">
    <skipped/>
  </testcase> <!-- getusers -->
</testsuite> <!-- day1.HttpRequest -->
