<?xml version="1.0" encoding="UTF-8"?>
<!-- Generated by org.testng.reporters.JUnitReportReporter -->
<testsuite hostname="DESKTOP-NKSQIDG" failures="0" tests="1" name="day3.loggingDemo" time="5.675" errors="0" timestamp="2023-12-03T17:48:32 IST" skipped="0">
  <testcase classname="day3.loggingDemo" name="testLog" time="5.675"/>
</testsuite> <!-- day3.loggingDemo -->
