<?xml version="1.0" encoding="UTF-8"?>
<!-- Generated by org.testng.reporters.JUnitReportReporter -->
<testsuite hostname="DESKTOP-NKSQIDG" failures="0" tests="1" name="day4.ParsingJsonData" time="3.866" errors="0" timestamp="2023-12-03T19:23:36 IST" skipped="0">
  <testcase classname="day4.ParsingJsonData" name="testJsonResponseBody" time="3.866"/>
</testsuite> <!-- day4.ParsingJsonData -->
